2016-03-23 11:30:43,958:958.1990242 - ubuntu_sso.sso_wizard_page - INFO - Starting setup_page for: <ubuntu_sso.qt.network_detection_page.NetworkDetectionPage object at 0x7f81e30105a8>
2016-03-23 11:30:43,989:989.629983902 - ubuntu_sso.sso_wizard_page - INFO - <ubuntu_sso.qt.network_detection_page.NetworkDetectionPage object at 0x7f81e30105a8> - setup_page ends, backend is <Interface <ProxyObject wrapping <dbus._dbus.SessionBus (session) at 0x7f81e3985890> com.ubuntu.sso /com/ubuntu/sso/accounts at 0x7f81e3034590> implementing 'com.ubuntu.sso.UserManagement' at 0x7f81e3034690>.
2016-03-23 11:30:44,028:28.6860466003 - ubuntu_sso.sso_wizard_page - INFO - Starting setup_page for: <ubuntu_sso.qt.setup_account_page.SetupAccountPage object at 0x7f81e303c050>
2016-03-23 11:30:44,050:50.2769947052 - ubuntu_sso.setup_account_page - INFO - SetUpAccountPage.on_captcha_refreshing
2016-03-23 11:30:44,054:54.0568828583 - ubuntu_sso.sso_wizard_page - INFO - <ubuntu_sso.qt.setup_account_page.SetupAccountPage object at 0x7f81e303c050> - setup_page ends, backend is <Interface <ProxyObject wrapping <dbus._dbus.SessionBus (session) at 0x7f81e3985890> com.ubuntu.sso /com/ubuntu/sso/accounts at 0x7f81d8c3f390> implementing 'com.ubuntu.sso.UserManagement' at 0x7f81d8c3f450>.
2016-03-23 11:30:44,084:84.2959880829 - ubuntu_sso.sso_wizard_page - INFO - Starting setup_page for: <ubuntu_sso.qt.current_user_sign_in_page.CurrentUserSignInPage object at 0x7f81d8c4c0e8>
2016-03-23 11:30:44,090:90.4140472412 - ubuntu_sso.sso_wizard_page - INFO - <ubuntu_sso.qt.current_user_sign_in_page.CurrentUserSignInPage object at 0x7f81d8c4c0e8> - setup_page ends, backend is <Interface <ProxyObject wrapping <dbus._dbus.SessionBus (session) at 0x7f81e3985890> com.ubuntu.sso /com/ubuntu/sso/accounts at 0x7f81d8c4ea10> implementing 'com.ubuntu.sso.UserManagement' at 0x7f81d8c4ead0>.
2016-03-23 11:30:44,094:94.2931175232 - ubuntu_sso.sso_wizard_page - INFO - Starting setup_page for: <ubuntu_sso.qt.email_verification_page.EmailVerificationPage object at 0x7f81d8c4cc30>
2016-03-23 11:30:44,099:99.1868972778 - ubuntu_sso.sso_wizard_page - INFO - <ubuntu_sso.qt.email_verification_page.EmailVerificationPage object at 0x7f81d8c4cc30> - setup_page ends, backend is <Interface <ProxyObject wrapping <dbus._dbus.SessionBus (session) at 0x7f81e3985890> com.ubuntu.sso /com/ubuntu/sso/accounts at 0x7f81d8c4ed50> implementing 'com.ubuntu.sso.UserManagement' at 0x7f81d8c4ee50>.
2016-03-23 11:30:44,102:102.37288475 - ubuntu_sso.sso_wizard_page - INFO - Starting setup_page for: <ubuntu_sso.qt.success_page.SuccessPage object at 0x7f81d8c5d510>
2016-03-23 11:30:44,103:103.171110153 - ubuntu_sso.sso_wizard_page - INFO - <ubuntu_sso.qt.success_page.SuccessPage object at 0x7f81d8c5d510> - setup_page ends, backend is <Interface <ProxyObject wrapping <dbus._dbus.SessionBus (session) at 0x7f81e3985890> com.ubuntu.sso /com/ubuntu/sso/accounts at 0x7f81d8c62090> implementing 'com.ubuntu.sso.UserManagement' at 0x7f81d8c62190>.
2016-03-23 11:30:44,105:105.750083923 - ubuntu_sso.sso_wizard_page - INFO - Starting setup_page for: <ubuntu_sso.qt.error_page.ErrorPage object at 0x7f81d8c5da68>
2016-03-23 11:30:44,106:106.621026993 - ubuntu_sso.sso_wizard_page - INFO - <ubuntu_sso.qt.error_page.ErrorPage object at 0x7f81d8c5da68> - setup_page ends, backend is <Interface <ProxyObject wrapping <dbus._dbus.SessionBus (session) at 0x7f81e3985890> com.ubuntu.sso /com/ubuntu/sso/accounts at 0x7f81d8c62390> implementing 'com.ubuntu.sso.UserManagement' at 0x7f81d8c623d0>.
2016-03-23 11:30:44,110:110.191106796 - ubuntu_sso.sso_wizard_page - INFO - Starting setup_page for: <ubuntu_sso.qt.forgotten_password_page.ForgottenPasswordPage object at 0x7f81d8c5df28>
2016-03-23 11:30:44,114:114.711046219 - ubuntu_sso.sso_wizard_page - INFO - <ubuntu_sso.qt.forgotten_password_page.ForgottenPasswordPage object at 0x7f81d8c5df28> - setup_page ends, backend is <Interface <ProxyObject wrapping <dbus._dbus.SessionBus (session) at 0x7f81e3985890> com.ubuntu.sso /com/ubuntu/sso/accounts at 0x7f81d8c625d0> implementing 'com.ubuntu.sso.UserManagement' at 0x7f81d8c62650>.
2016-03-23 11:30:44,120:120.110034943 - ubuntu_sso.sso_wizard_page - INFO - Starting setup_page for: <ubuntu_sso.qt.reset_password_page.ResetPasswordPage object at 0x7f81d8c68938>
2016-03-23 11:30:44,123:123.914003372 - ubuntu_sso.sso_wizard_page - INFO - <ubuntu_sso.qt.reset_password_page.ResetPasswordPage object at 0x7f81d8c68938> - setup_page ends, backend is <Interface <ProxyObject wrapping <dbus._dbus.SessionBus (session) at 0x7f81e3985890> com.ubuntu.sso /com/ubuntu/sso/accounts at 0x7f81d8c628d0> implementing 'com.ubuntu.sso.UserManagement' at 0x7f81d8c629d0>.
2016-03-23 11:31:47,696:696.896076202 - ubuntu_sso.setup_account_page - ERROR - 'SetupAccountPage': emitting 'on_captcha_generation_error' with args (dbus.String(u'Ubuntu One'), dbus.Dictionary({dbus.String(u'errtype'): dbus.String(u'WebClientError'), dbus.String(u'message'): dbus.String(u'Network unreachable')}, signature=dbus.Signature('ss'))) and kwargs {}
2016-03-23 11:31:47,697:697.360992432 - ubuntu_sso.sso_wizard_page - ERROR - 'SetupAccountPage': emitting 'show_error' with args (u'\u83b7\u53d6\u9a8c\u8bc1\u7801\u9047\u5230\u95ee\u9898\uff0c\u6b63\u5728\u91cd\u65b0\u8f7d\u5165...',) and kwargs {}
2016-03-23 11:31:47,699:699.317932129 - ubuntu_sso.setup_account_page - INFO - SetUpAccountPage.on_captcha_refresh_complete
